<?xml version="1.0" encoding="UTF-8"?>
<testsuite name="com.checkout.CheckoutTest" tests="1" skipped="0" failures="0" errors="0" timestamp="2022-07-04T07:40:02" hostname="RobMacGegorsMBP" time="0.039">
  <properties/>
  <testcase name="Checkout returns correct price()" classname="com.checkout.CheckoutTest" time="0.039"/>
  <system-out><![CDATA[]]></system-out>
  <system-err><![CDATA[]]></system-err>
</testsuite>
